<?xml version="1.0" encoding="UTF-8"?>
<testsuites>
  <testsuite name="" tests="16" assertions="16" errors="0" warnings="0" failures="0" skipped="0" time="0.030107">
    <testsuite name="Project Test Suite" tests="16" assertions="16" errors="0" warnings="0" failures="0" skipped="0" time="0.030107">
      <testsuite name="App\game\CardGraphicTest" file="/home/pablo/dbwebb-kurser/mvc/me/report/tests/game21/CardGraphicTest.php" tests="3" assertions="3" errors="0" warnings="0" failures="0" skipped="0" time="0.008608">
        <testcase name="testCreateCardGraphic" class="App\game\CardGraphicTest" classname="App.game.CardGraphicTest" file="/home/pablo/dbwebb-kurser/mvc/me/report/tests/game21/CardGraphicTest.php" line="13" assertions="1" time="0.007587"/>
        <testcase name="testGetSuitSymbol" class="App\game\CardGraphicTest" classname="App.game.CardGraphicTest" file="/home/pablo/dbwebb-kurser/mvc/me/report/tests/game21/CardGraphicTest.php" line="24" assertions="1" time="0.000754"/>
        <testcase name="testGetAsString" class="App\game\CardGraphicTest" classname="App.game.CardGraphicTest" file="/home/pablo/dbwebb-kurser/mvc/me/report/tests/game21/CardGraphicTest.php" line="37" assertions="1" time="0.000267"/>
      </testsuite>
      <testsuite name="App\game\CardTest" file="/home/pablo/dbwebb-kurser/mvc/me/report/tests/game21/CardTest.php" tests="6" assertions="6" errors="0" warnings="0" failures="0" skipped="0" time="0.002542">
        <testcase name="testCreateCard" class="App\game\CardTest" classname="App.game.CardTest" file="/home/pablo/dbwebb-kurser/mvc/me/report/tests/game21/CardTest.php" line="13" assertions="1" time="0.000275"/>
        <testcase name="testCreateCardValue" class="App\game\CardTest" classname="App.game.CardTest" file="/home/pablo/dbwebb-kurser/mvc/me/report/tests/game21/CardTest.php" line="24" assertions="1" time="0.000263"/>
        <testcase name="testIntValueOfHighCards" class="App\game\CardTest" classname="App.game.CardTest" file="/home/pablo/dbwebb-kurser/mvc/me/report/tests/game21/CardTest.php" line="37" assertions="1" time="0.000966"/>
        <testcase name="testIntValueOfNumberCards" class="App\game\CardTest" classname="App.game.CardTest" file="/home/pablo/dbwebb-kurser/mvc/me/report/tests/game21/CardTest.php" line="50" assertions="1" time="0.000372"/>
        <testcase name="testCreateCardSuit" class="App\game\CardTest" classname="App.game.CardTest" file="/home/pablo/dbwebb-kurser/mvc/me/report/tests/game21/CardTest.php" line="63" assertions="1" time="0.000354"/>
        <testcase name="testCreateCardAsString" class="App\game\CardTest" classname="App.game.CardTest" file="/home/pablo/dbwebb-kurser/mvc/me/report/tests/game21/CardTest.php" line="76" assertions="1" time="0.000312"/>
      </testsuite>
      <testsuite name="App\game\DeckOfCardsTest" file="/home/pablo/dbwebb-kurser/mvc/me/report/tests/game21/DeckOfCardsTest.php" tests="7" assertions="7" errors="0" warnings="0" failures="0" skipped="0" time="0.018957">
        <testcase name="testCreateDeckOfCards" class="App\game\DeckOfCardsTest" classname="App.game.DeckOfCardsTest" file="/home/pablo/dbwebb-kurser/mvc/me/report/tests/game21/DeckOfCardsTest.php" line="13" assertions="1" time="0.001293"/>
        <testcase name="testGetDeck" class="App\game\DeckOfCardsTest" classname="App.game.DeckOfCardsTest" file="/home/pablo/dbwebb-kurser/mvc/me/report/tests/game21/DeckOfCardsTest.php" line="24" assertions="1" time="0.000984"/>
        <testcase name="testShuffleDeck" class="App\game\DeckOfCardsTest" classname="App.game.DeckOfCardsTest" file="/home/pablo/dbwebb-kurser/mvc/me/report/tests/game21/DeckOfCardsTest.php" line="37" assertions="1" time="0.014386"/>
        <testcase name="testGetRemainingAsInt" class="App\game\DeckOfCardsTest" classname="App.game.DeckOfCardsTest" file="/home/pablo/dbwebb-kurser/mvc/me/report/tests/game21/DeckOfCardsTest.php" line="51" assertions="1" time="0.000477"/>
        <testcase name="testDrawFromDeck" class="App\game\DeckOfCardsTest" classname="App.game.DeckOfCardsTest" file="/home/pablo/dbwebb-kurser/mvc/me/report/tests/game21/DeckOfCardsTest.php" line="64" assertions="1" time="0.000472"/>
        <testcase name="testDrawAmount" class="App\game\DeckOfCardsTest" classname="App.game.DeckOfCardsTest" file="/home/pablo/dbwebb-kurser/mvc/me/report/tests/game21/DeckOfCardsTest.php" line="76" assertions="1" time="0.000523"/>
        <testcase name="testDrawMoreThanAvailable" class="App\game\DeckOfCardsTest" classname="App.game.DeckOfCardsTest" file="/home/pablo/dbwebb-kurser/mvc/me/report/tests/game21/DeckOfCardsTest.php" line="90" assertions="1" time="0.000822"/>
      </testsuite>
    </testsuite>
  </testsuite>
</testsuites>
